2019-05-16 14:29:16,990 INFO o.a.j.u.JMeterUtils: Setting Locale to en_US
2019-05-16 14:29:17,035 INFO o.a.j.JMeter: Loading user properties from: user.properties
2019-05-16 14:29:17,043 INFO o.a.j.JMeter: Loading system properties from: system.properties
2019-05-16 14:29:17,081 INFO o.a.j.JMeter: Copyright (c) 1998-2019 The Apache Software Foundation
2019-05-16 14:29:17,081 INFO o.a.j.JMeter: Version 5.1.1 r1855137
2019-05-16 14:29:17,081 INFO o.a.j.JMeter: java.version=1.8.0_202
2019-05-16 14:29:17,081 INFO o.a.j.JMeter: java.vm.name=Java HotSpot(TM) 64-Bit Server VM
2019-05-16 14:29:17,081 INFO o.a.j.JMeter: os.name=Windows 10
2019-05-16 14:29:17,081 INFO o.a.j.JMeter: os.arch=amd64
2019-05-16 14:29:17,082 INFO o.a.j.JMeter: os.version=10.0
2019-05-16 14:29:17,082 INFO o.a.j.JMeter: file.encoding=Cp1252
2019-05-16 14:29:17,082 INFO o.a.j.JMeter: java.awt.headless=null
2019-05-16 14:29:17,082 INFO o.a.j.JMeter: Max memory     =3793747968
2019-05-16 14:29:17,082 INFO o.a.j.JMeter: Available Processors =4
2019-05-16 14:29:17,099 INFO o.a.j.JMeter: Default Locale=English (United States)
2019-05-16 14:29:17,100 INFO o.a.j.JMeter: JMeter  Locale=English (United States)
2019-05-16 14:29:17,100 INFO o.a.j.JMeter: JMeterHome=C:\Users\Dell\Downloads\apache-jmeter-5.1.1\apache-jmeter-5.1.1
2019-05-16 14:29:17,100 INFO o.a.j.JMeter: user.dir  =C:\Users\Dell\Downloads\apache-jmeter-5.1.1\apache-jmeter-5.1.1\bin
2019-05-16 14:29:17,101 INFO o.a.j.JMeter: PWD       =C:\Users\Dell\Downloads\apache-jmeter-5.1.1\apache-jmeter-5.1.1\bin
2019-05-16 14:29:17,396 INFO o.a.j.JMeter: IP: 10.103.15.127 Name: PLB-KARTHICK FullName: 10.103.15.127
2019-05-16 14:29:18,112 INFO o.a.j.g.a.LookAndFeelCommand: Installing Darcula LAF
2019-05-16 14:29:18,393 INFO o.a.j.g.a.LookAndFeelCommand: Using look and feel: javax.swing.plaf.nimbus.NimbusLookAndFeel [Darcula]
2019-05-16 14:29:18,393 INFO o.a.j.JMeter: Setting LAF to: javax.swing.plaf.nimbus.NimbusLookAndFeel
2019-05-16 14:29:18,593 INFO o.a.j.JMeter: Loaded icon properties from org/apache/jmeter/images/icon.properties
2019-05-16 14:29:23,587 INFO o.a.j.p.h.s.HTTPSamplerBase: Parser for text/html is org.apache.jmeter.protocol.http.parser.LagartoBasedHtmlParser
2019-05-16 14:29:23,589 INFO o.a.j.p.h.s.HTTPSamplerBase: Parser for application/xhtml+xml is org.apache.jmeter.protocol.http.parser.LagartoBasedHtmlParser
2019-05-16 14:29:23,589 INFO o.a.j.p.h.s.HTTPSamplerBase: Parser for application/xml is org.apache.jmeter.protocol.http.parser.LagartoBasedHtmlParser
2019-05-16 14:29:23,589 INFO o.a.j.p.h.s.HTTPSamplerBase: Parser for text/xml is org.apache.jmeter.protocol.http.parser.LagartoBasedHtmlParser
2019-05-16 14:29:23,590 INFO o.a.j.p.h.s.HTTPSamplerBase: Parser for text/vnd.wap.wml is org.apache.jmeter.protocol.http.parser.RegexpHTMLParser
2019-05-16 14:29:23,590 INFO o.a.j.p.h.s.HTTPSamplerBase: Parser for text/css is org.apache.jmeter.protocol.http.parser.CssParser
2019-05-16 14:29:24,716 INFO o.a.j.e.KeyToolUtils: keytool found at 'keytool'
2019-05-16 14:29:24,717 INFO o.a.j.p.h.p.ProxyControl: HTTP(S) Test Script Recorder SSL Proxy will use keys that support embedded 3rd party resources in file C:\Users\Dell\Downloads\apache-jmeter-5.1.1\apache-jmeter-5.1.1\bin\proxyserver.jks
2019-05-16 14:29:24,986 INFO o.a.j.s.FileServer: Default base='C:\Users\Dell\Downloads\apache-jmeter-5.1.1\apache-jmeter-5.1.1\bin'
2019-05-16 14:29:26,566 INFO o.a.j.s.SampleResult: Note: Sample TimeStamps are START times
2019-05-16 14:29:26,567 INFO o.a.j.s.SampleResult: sampleresult.default.encoding is set to ISO-8859-1
2019-05-16 14:29:26,567 INFO o.a.j.s.SampleResult: sampleresult.useNanoTime=true
2019-05-16 14:29:26,567 INFO o.a.j.s.SampleResult: sampleresult.nanoThreadSleep=5000
2019-05-16 14:30:28,592 INFO o.a.j.g.a.Load: Loading file: D:\Mauijim\MJ2019_LoadTest.jmx
2019-05-16 14:30:28,592 INFO o.a.j.s.FileServer: Set new base='D:\Mauijim'
2019-05-16 14:30:29,043 INFO o.a.j.s.SaveService: Testplan (JMX) version: 2.2. Testlog (JTL) version: 2.2
2019-05-16 14:30:29,099 INFO o.a.j.s.SaveService: Using SaveService properties file encoding UTF-8
2019-05-16 14:30:29,102 INFO o.a.j.s.SaveService: Using SaveService properties version 5.0
2019-05-16 14:30:29,110 INFO o.a.j.s.SaveService: Loading file: D:\Mauijim\MJ2019_LoadTest.jmx
2019-05-16 14:30:29,163 INFO o.a.j.p.h.c.CookieManager: Settings: Delete null: true Check: true Allow variable: true Save: false Prefix: COOKIE_
2019-05-16 14:30:29,556 INFO o.a.j.s.FileServer: Set new base='D:\Mauijim'
